<?xml version="1.0" encoding="utf-8"?><testsuites><testsuite name="pytest" errors="0" failures="0" skipped="1" tests="1" time="0.190" timestamp="2021-06-10T10:25:40.716065" hostname="DESKTOP-QQQAVFH"><testcase classname="test_qrqualitycheck" name="test_issuer_quality[config_env0]" time="0.000"><skipped type="pytest.skip" message="got empty parameter set ['config_env'], function test_issuer_quality at D:\Visual Studio Code\Py\dcc-2DCode-interoperability\tests\test_qrqualitycheck.py:85">D:\Visual Studio Code\Py\dcc-2DCode-interoperability\tests\test_qrqualitycheck.py:86: got empty parameter set ['config_env'], function test_issuer_quality at D:\Visual Studio Code\Py\dcc-2DCode-interoperability\tests\test_qrqualitycheck.py:85</skipped></testcase></testsuite></testsuites>